2020-02-23 16:59:14.126  INFO 9184 --- [restartedMain] c.fredy.community.CommunityApplication   : Starting CommunityApplication on LAPTOP-PUV054KP with PID 9184 (F:\idea-workspace\community\target\classes started by Fredy in F:\idea-workspace\community)
2020-02-23 16:59:14.127  INFO 9184 --- [restartedMain] c.fredy.community.CommunityApplication   : No active profile set, falling back to default profiles: default
2020-02-23 16:59:14.300  INFO 9184 --- [restartedMain] .e.DevToolsPropertyDefaultsPostProcessor : Devtools property defaults active! Set 'spring.devtools.add-properties' to 'false' to disable
2020-02-23 16:59:14.301  INFO 9184 --- [restartedMain] .e.DevToolsPropertyDefaultsPostProcessor : For additional web related logging consider setting the 'logging.level.web' property to 'DEBUG'
2020-02-23 16:59:14.346  WARN 9184 --- [background-preinit] o.s.h.c.j.Jackson2ObjectMapperBuilder    : For Jackson Kotlin classes support please add "com.fasterxml.jackson.module:jackson-module-kotlin" to the classpath
2020-02-23 16:59:16.061  INFO 9184 --- [restartedMain] o.s.b.w.embedded.tomcat.TomcatWebServer  : Tomcat initialized with port(s): 8887 (http)
2020-02-23 16:59:16.071  INFO 9184 --- [restartedMain] o.apache.catalina.core.StandardService   : Starting service [Tomcat]
2020-02-23 16:59:16.071  INFO 9184 --- [restartedMain] org.apache.catalina.core.StandardEngine  : Starting Servlet engine: [Apache Tomcat/9.0.30]
2020-02-23 16:59:16.074  INFO 9184 --- [restartedMain] o.a.catalina.core.AprLifecycleListener   : Loaded APR based Apache Tomcat Native library [1.2.23] using APR version [1.7.0].
2020-02-23 16:59:16.074  INFO 9184 --- [restartedMain] o.a.catalina.core.AprLifecycleListener   : APR capabilities: IPv6 [true], sendfile [true], accept filters [false], random [true].
2020-02-23 16:59:16.074  INFO 9184 --- [restartedMain] o.a.catalina.core.AprLifecycleListener   : APR/OpenSSL configuration: useAprConnector [false], useOpenSSL [true]
2020-02-23 16:59:16.078  INFO 9184 --- [restartedMain] o.a.catalina.core.AprLifecycleListener   : OpenSSL successfully initialized [OpenSSL 1.1.1c  28 May 2019]
2020-02-23 16:59:16.174  INFO 9184 --- [restartedMain] o.a.c.c.C.[Tomcat].[localhost].[/]       : Initializing Spring embedded WebApplicationContext
2020-02-23 16:59:16.174  INFO 9184 --- [restartedMain] o.s.web.context.ContextLoader            : Root WebApplicationContext: initialization completed in 1867 ms
2020-02-23 16:59:16.219  INFO 9184 --- [restartedMain] com.zaxxer.hikari.HikariDataSource       : HikariPool-1 - Starting...
2020-02-23 16:59:18.468  INFO 9184 --- [restartedMain] com.zaxxer.hikari.HikariDataSource       : HikariPool-1 - Start completed.
2020-02-23 16:59:18.475  INFO 9184 --- [restartedMain] o.s.b.a.h2.H2ConsoleAutoConfiguration    : H2 console available at '/h2-console'. Database available at 'jdbc:h2:~/community'
2020-02-23 16:59:18.973  INFO 9184 --- [restartedMain] o.s.s.concurrent.ThreadPoolTaskExecutor  : Initializing ExecutorService 'applicationTaskExecutor'
2020-02-23 16:59:19.034  INFO 9184 --- [restartedMain] o.s.b.a.w.s.WelcomePageHandlerMapping    : Adding welcome page template: index
2020-02-23 16:59:19.277  INFO 9184 --- [restartedMain] o.s.b.d.a.OptionalLiveReloadServer       : LiveReload server is running on port 35729
2020-02-23 16:59:19.323  INFO 9184 --- [restartedMain] o.s.b.w.embedded.tomcat.TomcatWebServer  : Tomcat started on port(s): 8887 (http) with context path ''
2020-02-23 16:59:19.326  INFO 9184 --- [restartedMain] c.fredy.community.CommunityApplication   : Started CommunityApplication in 5.707 seconds (JVM running for 7.163)
