2020-02-23 17:02:08.087  INFO 5972 --- [restartedMain] c.fredy.community.CommunityApplication   : Starting CommunityApplication on LAPTOP-PUV054KP with PID 5972 (F:\idea-workspace\community\target\classes started by Fredy in F:\idea-workspace\community)
2020-02-23 17:02:08.088  INFO 5972 --- [restartedMain] c.fredy.community.CommunityApplication   : No active profile set, falling back to default profiles: default
2020-02-23 17:02:08.172  INFO 5972 --- [restartedMain] .e.DevToolsPropertyDefaultsPostProcessor : Devtools property defaults active! Set 'spring.devtools.add-properties' to 'false' to disable
2020-02-23 17:02:08.173  INFO 5972 --- [restartedMain] .e.DevToolsPropertyDefaultsPostProcessor : For additional web related logging consider setting the 'logging.level.web' property to 'DEBUG'
2020-02-23 17:02:08.272  WARN 5972 --- [background-preinit] o.s.h.c.j.Jackson2ObjectMapperBuilder    : For Jackson Kotlin classes support please add "com.fasterxml.jackson.module:jackson-module-kotlin" to the classpath
2020-02-23 17:02:10.246  INFO 5972 --- [restartedMain] o.s.b.w.embedded.tomcat.TomcatWebServer  : Tomcat initialized with port(s): 8887 (http)
2020-02-23 17:02:10.255  INFO 5972 --- [restartedMain] o.apache.catalina.core.StandardService   : Starting service [Tomcat]
2020-02-23 17:02:10.256  INFO 5972 --- [restartedMain] org.apache.catalina.core.StandardEngine  : Starting Servlet engine: [Apache Tomcat/9.0.30]
2020-02-23 17:02:10.260  INFO 5972 --- [restartedMain] o.a.catalina.core.AprLifecycleListener   : Loaded APR based Apache Tomcat Native library [1.2.23] using APR version [1.7.0].
2020-02-23 17:02:10.260  INFO 5972 --- [restartedMain] o.a.catalina.core.AprLifecycleListener   : APR capabilities: IPv6 [true], sendfile [true], accept filters [false], random [true].
2020-02-23 17:02:10.261  INFO 5972 --- [restartedMain] o.a.catalina.core.AprLifecycleListener   : APR/OpenSSL configuration: useAprConnector [false], useOpenSSL [true]
2020-02-23 17:02:10.265  INFO 5972 --- [restartedMain] o.a.catalina.core.AprLifecycleListener   : OpenSSL successfully initialized [OpenSSL 1.1.1c  28 May 2019]
2020-02-23 17:02:10.382  INFO 5972 --- [restartedMain] o.a.c.c.C.[Tomcat].[localhost].[/]       : Initializing Spring embedded WebApplicationContext
2020-02-23 17:02:10.403  INFO 5972 --- [restartedMain] o.s.web.context.ContextLoader            : Root WebApplicationContext: initialization completed in 2228 ms
2020-02-23 17:02:10.487  INFO 5972 --- [restartedMain] com.zaxxer.hikari.HikariDataSource       : HikariPool-1 - Starting...
2020-02-23 17:02:12.878  INFO 5972 --- [restartedMain] com.zaxxer.hikari.HikariDataSource       : HikariPool-1 - Start completed.
2020-02-23 17:02:12.887  INFO 5972 --- [restartedMain] o.s.b.a.h2.H2ConsoleAutoConfiguration    : H2 console available at '/h2-console'. Database available at 'jdbc:h2:~/community'
2020-02-23 17:02:13.442  INFO 5972 --- [restartedMain] o.s.s.concurrent.ThreadPoolTaskExecutor  : Initializing ExecutorService 'applicationTaskExecutor'
2020-02-23 17:02:13.502  INFO 5972 --- [restartedMain] o.s.b.a.w.s.WelcomePageHandlerMapping    : Adding welcome page template: index
2020-02-23 17:02:13.751  INFO 5972 --- [restartedMain] o.s.b.d.a.OptionalLiveReloadServer       : LiveReload server is running on port 35729
2020-02-23 17:02:13.801  INFO 5972 --- [restartedMain] o.s.b.w.embedded.tomcat.TomcatWebServer  : Tomcat started on port(s): 8887 (http) with context path ''
2020-02-23 17:02:13.804  INFO 5972 --- [restartedMain] c.fredy.community.CommunityApplication   : Started CommunityApplication in 6.119 seconds (JVM running for 7.592)
2020-02-23 17:04:10.971  INFO 5972 --- [Thread-6] o.s.s.concurrent.ThreadPoolTaskExecutor  : Shutting down ExecutorService 'applicationTaskExecutor'
2020-02-23 17:04:10.973  INFO 5972 --- [Thread-6] com.zaxxer.hikari.HikariDataSource       : HikariPool-1 - Shutdown initiated...
2020-02-23 17:04:10.995  INFO 5972 --- [Thread-6] com.zaxxer.hikari.HikariDataSource       : HikariPool-1 - Shutdown completed.
2020-02-23 17:04:11.577  INFO 5972 --- [restartedMain] c.fredy.community.CommunityApplication   : Starting CommunityApplication on LAPTOP-PUV054KP with PID 5972 (F:\idea-workspace\community\target\classes started by Fredy in F:\idea-workspace\community)
2020-02-23 17:04:11.578  INFO 5972 --- [restartedMain] c.fredy.community.CommunityApplication   : No active profile set, falling back to default profiles: default
2020-02-23 17:04:12.113  INFO 5972 --- [restartedMain] o.s.b.w.embedded.tomcat.TomcatWebServer  : Tomcat initialized with port(s): 8887 (http)
2020-02-23 17:04:12.122  INFO 5972 --- [restartedMain] o.apache.catalina.core.StandardService   : Starting service [Tomcat]
2020-02-23 17:04:12.124  INFO 5972 --- [restartedMain] org.apache.catalina.core.StandardEngine  : Starting Servlet engine: [Apache Tomcat/9.0.30]
2020-02-23 17:04:12.125  INFO 5972 --- [restartedMain] o.a.catalina.core.AprLifecycleListener   : Loaded APR based Apache Tomcat Native library [1.2.23] using APR version [1.7.0].
2020-02-23 17:04:12.126  INFO 5972 --- [restartedMain] o.a.catalina.core.AprLifecycleListener   : APR capabilities: IPv6 [true], sendfile [true], accept filters [false], random [true].
2020-02-23 17:04:12.127  INFO 5972 --- [restartedMain] o.a.catalina.core.AprLifecycleListener   : APR/OpenSSL configuration: useAprConnector [false], useOpenSSL [true]
2020-02-23 17:04:12.128  INFO 5972 --- [restartedMain] o.a.catalina.core.AprLifecycleListener   : OpenSSL successfully initialized [OpenSSL 1.1.1c  28 May 2019]
2020-02-23 17:04:12.228  INFO 5972 --- [restartedMain] o.a.c.c.C.[Tomcat].[localhost].[/]       : Initializing Spring embedded WebApplicationContext
2020-02-23 17:04:12.229  INFO 5972 --- [restartedMain] o.s.web.context.ContextLoader            : Root WebApplicationContext: initialization completed in 648 ms
2020-02-23 17:04:12.294  INFO 5972 --- [restartedMain] com.zaxxer.hikari.HikariDataSource       : HikariPool-2 - Starting...
2020-02-23 17:04:12.368  INFO 5972 --- [restartedMain] com.zaxxer.hikari.HikariDataSource       : HikariPool-2 - Start completed.
2020-02-23 17:04:12.368  INFO 5972 --- [restartedMain] o.s.b.a.h2.H2ConsoleAutoConfiguration    : H2 console available at '/h2-console'. Database available at 'jdbc:h2:~/community'
2020-02-23 17:04:12.805  INFO 5972 --- [restartedMain] o.s.s.concurrent.ThreadPoolTaskExecutor  : Initializing ExecutorService 'applicationTaskExecutor'
2020-02-23 17:04:12.827  INFO 5972 --- [restartedMain] o.s.b.a.w.s.WelcomePageHandlerMapping    : Adding welcome page template: index
2020-02-23 17:04:12.989  INFO 5972 --- [restartedMain] o.s.b.d.a.OptionalLiveReloadServer       : LiveReload server is running on port 35729
2020-02-23 17:04:13.011  INFO 5972 --- [restartedMain] o.s.b.w.embedded.tomcat.TomcatWebServer  : Tomcat started on port(s): 8887 (http) with context path ''
2020-02-23 17:04:13.012  INFO 5972 --- [restartedMain] c.fredy.community.CommunityApplication   : Started CommunityApplication in 1.47 seconds (JVM running for 126.8)
2020-02-23 17:04:13.014  INFO 5972 --- [restartedMain] .ConditionEvaluationDeltaLoggingListener : Condition evaluation unchanged
2020-02-23 17:04:13.060  INFO 5972 --- [http-nio-8887-exec-1] o.a.c.c.C.[Tomcat].[localhost].[/]       : Initializing Spring DispatcherServlet 'dispatcherServlet'
2020-02-23 17:04:13.061  INFO 5972 --- [http-nio-8887-exec-1] o.s.web.servlet.DispatcherServlet        : Initializing Servlet 'dispatcherServlet'
2020-02-23 17:04:13.066  INFO 5972 --- [http-nio-8887-exec-1] o.s.web.servlet.DispatcherServlet        : Completed initialization in 5 ms
2020-02-23 17:04:13.130 DEBUG 5972 --- [http-nio-8887-exec-1] c.f.c.mapper.UserMapper.selectByExample  : ==>  Preparing: select ID, ACCOUNT_ID, NAME, TOKEN, GMT_CREATE, GMT_MODIFIED, BIO, AVATAR_URL from USER WHERE ( TOKEN = ? ) 
2020-02-23 17:04:13.144 DEBUG 5972 --- [http-nio-8887-exec-1] c.f.c.mapper.UserMapper.selectByExample  : ==> Parameters: ae76c08c-551f-46cf-88ca-6029a462fc1a(String)
2020-02-23 17:04:13.156 DEBUG 5972 --- [http-nio-8887-exec-1] c.f.c.mapper.UserMapper.selectByExample  : <==      Total: 1
2020-02-23 17:04:13.574  WARN 5972 --- [http-nio-8887-exec-1] o.a.c.util.SessionIdGeneratorBase        : Creation of SecureRandom instance for session ID generation using [SHA1PRNG] took [414] milliseconds.
2020-02-23 17:04:13.579 DEBUG 5972 --- [http-nio-8887-exec-1] c.f.c.m.N.countByExample                 : ==>  Preparing: select count(*) from NOTIFICATION WHERE ( RECEIVER = ? and STATUS = ? ) 
2020-02-23 17:04:13.580 DEBUG 5972 --- [http-nio-8887-exec-1] c.f.c.m.N.countByExample                 : ==> Parameters: 1(Long), 0(Integer)
2020-02-23 17:04:13.584 DEBUG 5972 --- [http-nio-8887-exec-1] c.f.c.m.N.countByExample                 : <==      Total: 1
2020-02-23 17:04:13.606 DEBUG 5972 --- [http-nio-8887-exec-1] c.f.c.m.QuestionExtMapper.countBySearch  : ==>  Preparing: select count(*) from QUESTION 
2020-02-23 17:04:13.606 DEBUG 5972 --- [http-nio-8887-exec-1] c.f.c.m.QuestionExtMapper.countBySearch  : ==> Parameters: 
2020-02-23 17:04:13.607 DEBUG 5972 --- [http-nio-8887-exec-1] c.f.c.m.QuestionExtMapper.countBySearch  : <==      Total: 1
2020-02-23 17:04:13.608 DEBUG 5972 --- [http-nio-8887-exec-1] c.f.c.m.Q.selectBySearch                 : ==>  Preparing: select * from QUESTION order by gmt_create desc limit ?, ? 
2020-02-23 17:04:13.609 DEBUG 5972 --- [http-nio-8887-exec-1] c.f.c.m.Q.selectBySearch                 : ==> Parameters: 0(Integer), 5(Integer)
2020-02-23 17:04:13.624 DEBUG 5972 --- [http-nio-8887-exec-1] c.f.c.m.Q.selectBySearch                 : <==      Total: 4
2020-02-23 17:04:13.625 DEBUG 5972 --- [http-nio-8887-exec-1] c.f.c.m.UserMapper.selectByPrimaryKey    : ==>  Preparing: select ID, ACCOUNT_ID, NAME, TOKEN, GMT_CREATE, GMT_MODIFIED, BIO, AVATAR_URL from USER where ID = ? 
2020-02-23 17:04:13.625 DEBUG 5972 --- [http-nio-8887-exec-1] c.f.c.m.UserMapper.selectByPrimaryKey    : ==> Parameters: 1(Long)
2020-02-23 17:04:13.626 DEBUG 5972 --- [http-nio-8887-exec-1] c.f.c.m.UserMapper.selectByPrimaryKey    : <==      Total: 1
2020-02-23 17:04:13.636 DEBUG 5972 --- [http-nio-8887-exec-1] c.f.c.m.UserMapper.selectByPrimaryKey    : ==>  Preparing: select ID, ACCOUNT_ID, NAME, TOKEN, GMT_CREATE, GMT_MODIFIED, BIO, AVATAR_URL from USER where ID = ? 
2020-02-23 17:04:13.636 DEBUG 5972 --- [http-nio-8887-exec-1] c.f.c.m.UserMapper.selectByPrimaryKey    : ==> Parameters: 1(Long)
2020-02-23 17:04:13.637 DEBUG 5972 --- [http-nio-8887-exec-1] c.f.c.m.UserMapper.selectByPrimaryKey    : <==      Total: 1
2020-02-23 17:04:13.637 DEBUG 5972 --- [http-nio-8887-exec-1] c.f.c.m.UserMapper.selectByPrimaryKey    : ==>  Preparing: select ID, ACCOUNT_ID, NAME, TOKEN, GMT_CREATE, GMT_MODIFIED, BIO, AVATAR_URL from USER where ID = ? 
2020-02-23 17:04:13.637 DEBUG 5972 --- [http-nio-8887-exec-1] c.f.c.m.UserMapper.selectByPrimaryKey    : ==> Parameters: 1(Long)
2020-02-23 17:04:13.638 DEBUG 5972 --- [http-nio-8887-exec-1] c.f.c.m.UserMapper.selectByPrimaryKey    : <==      Total: 1
2020-02-23 17:04:13.638 DEBUG 5972 --- [http-nio-8887-exec-1] c.f.c.m.UserMapper.selectByPrimaryKey    : ==>  Preparing: select ID, ACCOUNT_ID, NAME, TOKEN, GMT_CREATE, GMT_MODIFIED, BIO, AVATAR_URL from USER where ID = ? 
2020-02-23 17:04:13.639 DEBUG 5972 --- [http-nio-8887-exec-1] c.f.c.m.UserMapper.selectByPrimaryKey    : ==> Parameters: 1(Long)
2020-02-23 17:04:13.639 DEBUG 5972 --- [http-nio-8887-exec-1] c.f.c.m.UserMapper.selectByPrimaryKey    : <==      Total: 1
2020-02-23 17:04:14.633 DEBUG 5972 --- [http-nio-8887-exec-8] c.f.c.mapper.UserMapper.selectByExample  : ==>  Preparing: select ID, ACCOUNT_ID, NAME, TOKEN, GMT_CREATE, GMT_MODIFIED, BIO, AVATAR_URL from USER WHERE ( TOKEN = ? ) 
2020-02-23 17:04:14.633 DEBUG 5972 --- [http-nio-8887-exec-8] c.f.c.mapper.UserMapper.selectByExample  : ==> Parameters: ae76c08c-551f-46cf-88ca-6029a462fc1a(String)
2020-02-23 17:04:14.634 DEBUG 5972 --- [http-nio-8887-exec-8] c.f.c.mapper.UserMapper.selectByExample  : <==      Total: 1
2020-02-23 17:04:14.635 DEBUG 5972 --- [http-nio-8887-exec-8] c.f.c.m.N.countByExample                 : ==>  Preparing: select count(*) from NOTIFICATION WHERE ( RECEIVER = ? and STATUS = ? ) 
2020-02-23 17:04:14.635 DEBUG 5972 --- [http-nio-8887-exec-8] c.f.c.m.N.countByExample                 : ==> Parameters: 1(Long), 0(Integer)
2020-02-23 17:04:14.636 DEBUG 5972 --- [http-nio-8887-exec-8] c.f.c.m.N.countByExample                 : <==      Total: 1
2020-02-23 17:26:17.087  INFO 5972 --- [Thread-10] o.s.s.concurrent.ThreadPoolTaskExecutor  : Shutting down ExecutorService 'applicationTaskExecutor'
2020-02-23 17:26:17.087  INFO 5972 --- [Thread-10] com.zaxxer.hikari.HikariDataSource       : HikariPool-2 - Shutdown initiated...
2020-02-23 17:26:17.137  INFO 5972 --- [Thread-10] com.zaxxer.hikari.HikariDataSource       : HikariPool-2 - Shutdown completed.
2020-02-23 17:26:17.717  INFO 5972 --- [restartedMain] c.fredy.community.CommunityApplication   : Starting CommunityApplication on LAPTOP-PUV054KP with PID 5972 (F:\idea-workspace\community\target\classes started by Fredy in F:\idea-workspace\community)
2020-02-23 17:26:17.720  INFO 5972 --- [restartedMain] c.fredy.community.CommunityApplication   : No active profile set, falling back to default profiles: default
2020-02-23 17:26:18.220  INFO 5972 --- [restartedMain] o.s.b.w.embedded.tomcat.TomcatWebServer  : Tomcat initialized with port(s): 8887 (http)
2020-02-23 17:26:18.221  INFO 5972 --- [restartedMain] o.apache.catalina.core.StandardService   : Starting service [Tomcat]
2020-02-23 17:26:18.222  INFO 5972 --- [restartedMain] org.apache.catalina.core.StandardEngine  : Starting Servlet engine: [Apache Tomcat/9.0.30]
2020-02-23 17:26:18.222  INFO 5972 --- [restartedMain] o.a.catalina.core.AprLifecycleListener   : Loaded APR based Apache Tomcat Native library [1.2.23] using APR version [1.7.0].
2020-02-23 17:26:18.222  INFO 5972 --- [restartedMain] o.a.catalina.core.AprLifecycleListener   : APR capabilities: IPv6 [true], sendfile [true], accept filters [false], random [true].
2020-02-23 17:26:18.222  INFO 5972 --- [restartedMain] o.a.catalina.core.AprLifecycleListener   : APR/OpenSSL configuration: useAprConnector [false], useOpenSSL [true]
2020-02-23 17:26:18.223  INFO 5972 --- [restartedMain] o.a.catalina.core.AprLifecycleListener   : OpenSSL successfully initialized [OpenSSL 1.1.1c  28 May 2019]
2020-02-23 17:26:18.269  INFO 5972 --- [restartedMain] o.a.c.c.C.[Tomcat].[localhost].[/]       : Initializing Spring embedded WebApplicationContext
2020-02-23 17:26:18.270  INFO 5972 --- [restartedMain] o.s.web.context.ContextLoader            : Root WebApplicationContext: initialization completed in 547 ms
2020-02-23 17:26:18.285  INFO 5972 --- [restartedMain] com.zaxxer.hikari.HikariDataSource       : HikariPool-3 - Starting...
2020-02-23 17:26:18.347  INFO 5972 --- [restartedMain] com.zaxxer.hikari.HikariDataSource       : HikariPool-3 - Start completed.
2020-02-23 17:26:18.347  INFO 5972 --- [restartedMain] o.s.b.a.h2.H2ConsoleAutoConfiguration    : H2 console available at '/h2-console'. Database available at 'jdbc:h2:~/community'
2020-02-23 17:26:18.583  INFO 5972 --- [restartedMain] o.s.s.concurrent.ThreadPoolTaskExecutor  : Initializing ExecutorService 'applicationTaskExecutor'
2020-02-23 17:26:18.600  INFO 5972 --- [restartedMain] o.s.b.a.w.s.WelcomePageHandlerMapping    : Adding welcome page template: index
2020-02-23 17:26:18.726  INFO 5972 --- [restartedMain] o.s.b.d.a.OptionalLiveReloadServer       : LiveReload server is running on port 35729
2020-02-23 17:26:18.747  INFO 5972 --- [restartedMain] o.s.b.w.embedded.tomcat.TomcatWebServer  : Tomcat started on port(s): 8887 (http) with context path ''
2020-02-23 17:26:18.748  INFO 5972 --- [restartedMain] c.fredy.community.CommunityApplication   : Started CommunityApplication in 1.062 seconds (JVM running for 1452.536)
2020-02-23 17:26:18.750  INFO 5972 --- [restartedMain] .ConditionEvaluationDeltaLoggingListener : Condition evaluation unchanged
2020-02-23 17:26:18.758  INFO 5972 --- [http-nio-8887-exec-1] o.a.c.c.C.[Tomcat].[localhost].[/]       : Initializing Spring DispatcherServlet 'dispatcherServlet'
2020-02-23 17:26:18.758  INFO 5972 --- [http-nio-8887-exec-1] o.s.web.servlet.DispatcherServlet        : Initializing Servlet 'dispatcherServlet'
2020-02-23 17:26:18.760  INFO 5972 --- [http-nio-8887-exec-1] o.s.web.servlet.DispatcherServlet        : Completed initialization in 1 ms
2020-02-23 17:26:18.770 DEBUG 5972 --- [http-nio-8887-exec-1] c.f.c.mapper.UserMapper.selectByExample  : ==>  Preparing: select ID, ACCOUNT_ID, NAME, TOKEN, GMT_CREATE, GMT_MODIFIED, BIO, AVATAR_URL from USER WHERE ( TOKEN = ? ) 
2020-02-23 17:26:18.771 DEBUG 5972 --- [http-nio-8887-exec-1] c.f.c.mapper.UserMapper.selectByExample  : ==> Parameters: ae76c08c-551f-46cf-88ca-6029a462fc1a(String)
2020-02-23 17:26:18.771 DEBUG 5972 --- [http-nio-8887-exec-1] c.f.c.mapper.UserMapper.selectByExample  : <==      Total: 1
2020-02-23 17:26:18.775 DEBUG 5972 --- [http-nio-8887-exec-1] c.f.c.m.N.countByExample                 : ==>  Preparing: select count(*) from NOTIFICATION WHERE ( RECEIVER = ? and STATUS = ? ) 
2020-02-23 17:26:18.776 DEBUG 5972 --- [http-nio-8887-exec-1] c.f.c.m.N.countByExample                 : ==> Parameters: 1(Long), 0(Integer)
2020-02-23 17:26:18.777 DEBUG 5972 --- [http-nio-8887-exec-1] c.f.c.m.N.countByExample                 : <==      Total: 1
2020-02-23 17:26:18.780 DEBUG 5972 --- [http-nio-8887-exec-1] c.f.c.m.QuestionExtMapper.countBySearch  : ==>  Preparing: select count(*) from QUESTION 
2020-02-23 17:26:18.781 DEBUG 5972 --- [http-nio-8887-exec-1] c.f.c.m.QuestionExtMapper.countBySearch  : ==> Parameters: 
2020-02-23 17:26:18.782 DEBUG 5972 --- [http-nio-8887-exec-1] c.f.c.m.QuestionExtMapper.countBySearch  : <==      Total: 1
2020-02-23 17:26:18.783 DEBUG 5972 --- [http-nio-8887-exec-1] c.f.c.m.Q.selectBySearch                 : ==>  Preparing: select * from QUESTION order by gmt_create desc limit ?, ? 
2020-02-23 17:26:18.784 DEBUG 5972 --- [http-nio-8887-exec-1] c.f.c.m.Q.selectBySearch                 : ==> Parameters: 0(Integer), 5(Integer)
2020-02-23 17:26:18.793 DEBUG 5972 --- [http-nio-8887-exec-1] c.f.c.m.Q.selectBySearch                 : <==      Total: 4
2020-02-23 17:26:18.794 DEBUG 5972 --- [http-nio-8887-exec-1] c.f.c.m.UserMapper.selectByPrimaryKey    : ==>  Preparing: select ID, ACCOUNT_ID, NAME, TOKEN, GMT_CREATE, GMT_MODIFIED, BIO, AVATAR_URL from USER where ID = ? 
2020-02-23 17:26:18.794 DEBUG 5972 --- [http-nio-8887-exec-1] c.f.c.m.UserMapper.selectByPrimaryKey    : ==> Parameters: 1(Long)
2020-02-23 17:26:18.795 DEBUG 5972 --- [http-nio-8887-exec-1] c.f.c.m.UserMapper.selectByPrimaryKey    : <==      Total: 1
2020-02-23 17:26:18.807 DEBUG 5972 --- [http-nio-8887-exec-1] c.f.c.m.UserMapper.selectByPrimaryKey    : ==>  Preparing: select ID, ACCOUNT_ID, NAME, TOKEN, GMT_CREATE, GMT_MODIFIED, BIO, AVATAR_URL from USER where ID = ? 
2020-02-23 17:26:18.808 DEBUG 5972 --- [http-nio-8887-exec-1] c.f.c.m.UserMapper.selectByPrimaryKey    : ==> Parameters: 1(Long)
2020-02-23 17:26:18.810 DEBUG 5972 --- [http-nio-8887-exec-1] c.f.c.m.UserMapper.selectByPrimaryKey    : <==      Total: 1
2020-02-23 17:26:18.811 DEBUG 5972 --- [http-nio-8887-exec-1] c.f.c.m.UserMapper.selectByPrimaryKey    : ==>  Preparing: select ID, ACCOUNT_ID, NAME, TOKEN, GMT_CREATE, GMT_MODIFIED, BIO, AVATAR_URL from USER where ID = ? 
2020-02-23 17:26:18.811 DEBUG 5972 --- [http-nio-8887-exec-1] c.f.c.m.UserMapper.selectByPrimaryKey    : ==> Parameters: 1(Long)
2020-02-23 17:26:18.811 DEBUG 5972 --- [http-nio-8887-exec-1] c.f.c.m.UserMapper.selectByPrimaryKey    : <==      Total: 1
2020-02-23 17:26:18.812 DEBUG 5972 --- [http-nio-8887-exec-1] c.f.c.m.UserMapper.selectByPrimaryKey    : ==>  Preparing: select ID, ACCOUNT_ID, NAME, TOKEN, GMT_CREATE, GMT_MODIFIED, BIO, AVATAR_URL from USER where ID = ? 
2020-02-23 17:26:18.812 DEBUG 5972 --- [http-nio-8887-exec-1] c.f.c.m.UserMapper.selectByPrimaryKey    : ==> Parameters: 1(Long)
2020-02-23 17:26:18.812 DEBUG 5972 --- [http-nio-8887-exec-1] c.f.c.m.UserMapper.selectByPrimaryKey    : <==      Total: 1
2020-02-23 17:26:20.389 DEBUG 5972 --- [http-nio-8887-exec-8] c.f.c.mapper.UserMapper.selectByExample  : ==>  Preparing: select ID, ACCOUNT_ID, NAME, TOKEN, GMT_CREATE, GMT_MODIFIED, BIO, AVATAR_URL from USER WHERE ( TOKEN = ? ) 
2020-02-23 17:26:20.389 DEBUG 5972 --- [http-nio-8887-exec-8] c.f.c.mapper.UserMapper.selectByExample  : ==> Parameters: ae76c08c-551f-46cf-88ca-6029a462fc1a(String)
2020-02-23 17:26:20.389 DEBUG 5972 --- [http-nio-8887-exec-8] c.f.c.mapper.UserMapper.selectByExample  : <==      Total: 1
2020-02-23 17:26:20.391 DEBUG 5972 --- [http-nio-8887-exec-8] c.f.c.m.N.countByExample                 : ==>  Preparing: select count(*) from NOTIFICATION WHERE ( RECEIVER = ? and STATUS = ? ) 
2020-02-23 17:26:20.391 DEBUG 5972 --- [http-nio-8887-exec-8] c.f.c.m.N.countByExample                 : ==> Parameters: 1(Long), 0(Integer)
2020-02-23 17:26:20.391 DEBUG 5972 --- [http-nio-8887-exec-8] c.f.c.m.N.countByExample                 : <==      Total: 1
